<?xml version="1.0" encoding="UTF-8"?>
<coverage generated="1746128321688" clover="3.2.0">
  <project timestamp="1746128321688" name="All files">
    <metrics statements="265" coveredstatements="204" conditionals="86" coveredconditionals="67" methods="58" coveredmethods="44" elements="409" coveredelements="315" complexity="0" loc="265" ncloc="265" packages="9" files="16" classes="16"/>
    <package name="frontend">
      <metrics statements="2" coveredstatements="2" conditionals="0" coveredconditionals="0" methods="0" coveredmethods="0"/>
      <file name="i18next.ts" path="/home/subasing/pocs/micro-kiosk/frontend/i18next.ts">
        <metrics statements="2" coveredstatements="2" conditionals="0" coveredconditionals="0" methods="0" coveredmethods="0"/>
        <line num="6" count="7" type="stmt"/>
        <line num="15" count="7" type="stmt"/>
      </file>
    </package>
    <package name="frontend.actions">
      <metrics statements="11" coveredstatements="4" conditionals="5" coveredconditionals="0" methods="4" coveredmethods="2"/>
      <file name="useHeaderConfig.tsx" path="/home/subasing/pocs/micro-kiosk/frontend/actions/useHeaderConfig.tsx">
        <metrics statements="4" coveredstatements="4" conditionals="1" coveredconditionals="0" methods="2" coveredmethods="2"/>
        <line num="12" count="451" type="stmt"/>
        <line num="14" count="450" type="stmt"/>
        <line num="16" count="94" type="stmt"/>
        <line num="17" count="94" type="stmt"/>
      </file>
      <file name="useNavigationReadyStable.tsx" path="/home/subasing/pocs/micro-kiosk/frontend/actions/useNavigationReadyStable.tsx">
        <metrics statements="7" coveredstatements="0" conditionals="4" coveredconditionals="0" methods="2" coveredmethods="0"/>
        <line num="8" count="0" type="stmt"/>
        <line num="9" count="0" type="stmt"/>
        <line num="10" count="0" type="stmt"/>
        <line num="12" count="0" type="stmt"/>
        <line num="13" count="0" type="cond" truecount="0" falsecount="4"/>
        <line num="14" count="0" type="stmt"/>
        <line num="18" count="0" type="stmt"/>
      </file>
    </package>
    <package name="frontend.api">
      <metrics statements="33" coveredstatements="0" conditionals="2" coveredconditionals="0" methods="5" coveredmethods="0"/>
      <file name="authService.ts" path="/home/subasing/pocs/micro-kiosk/frontend/api/authService.ts">
        <metrics statements="33" coveredstatements="0" conditionals="2" coveredconditionals="0" methods="5" coveredmethods="0"/>
        <line num="7" count="0" type="stmt"/>
        <line num="11" count="0" type="stmt"/>
        <line num="12" count="0" type="stmt"/>
        <line num="13" count="0" type="stmt"/>
        <line num="14" count="0" type="stmt"/>
        <line num="16" count="0" type="stmt"/>
        <line num="17" count="0" type="stmt"/>
        <line num="21" count="0" type="stmt"/>
        <line num="22" count="0" type="stmt"/>
        <line num="23" count="0" type="stmt"/>
        <line num="24" count="0" type="stmt"/>
        <line num="26" count="0" type="stmt"/>
        <line num="27" count="0" type="stmt"/>
        <line num="31" count="0" type="stmt"/>
        <line num="35" count="0" type="stmt"/>
        <line num="36" count="0" type="stmt"/>
        <line num="37" count="0" type="stmt"/>
        <line num="39" count="0" type="stmt"/>
        <line num="40" count="0" type="stmt"/>
        <line num="44" count="0" type="stmt"/>
        <line num="49" count="0" type="stmt"/>
        <line num="50" count="0" type="cond" truecount="0" falsecount="2"/>
        <line num="51" count="0" type="stmt"/>
        <line num="53" count="0" type="stmt"/>
        <line num="61" count="0" type="stmt"/>
        <line num="63" count="0" type="stmt"/>
        <line num="64" count="0" type="stmt"/>
        <line num="68" count="0" type="stmt"/>
        <line num="69" count="0" type="stmt"/>
        <line num="70" count="0" type="stmt"/>
        <line num="75" count="0" type="stmt"/>
        <line num="77" count="0" type="stmt"/>
        <line num="78" count="0" type="stmt"/>
      </file>
    </package>
    <package name="frontend.app">
      <metrics statements="3" coveredstatements="3" conditionals="0" coveredconditionals="0" methods="3" coveredmethods="3"/>
      <file name="_layout.tsx" path="/home/subasing/pocs/micro-kiosk/frontend/app/_layout.tsx">
        <metrics statements="2" coveredstatements="2" conditionals="0" coveredconditionals="0" methods="2" coveredmethods="2"/>
        <line num="7" count="61" type="stmt"/>
        <line num="16" count="61" type="stmt"/>
      </file>
      <file name="index.tsx" path="/home/subasing/pocs/micro-kiosk/frontend/app/index.tsx">
        <metrics statements="1" coveredstatements="1" conditionals="0" coveredconditionals="0" methods="1" coveredmethods="1"/>
        <line num="4" count="1" type="stmt"/>
      </file>
    </package>
    <package name="frontend.app.(auth)">
      <metrics statements="63" coveredstatements="63" conditionals="20" coveredconditionals="20" methods="12" coveredmethods="12"/>
      <file name="_layout.tsx" path="/home/subasing/pocs/micro-kiosk/frontend/app/(auth)/_layout.tsx">
        <metrics statements="10" coveredstatements="10" conditionals="8" coveredconditionals="8" methods="2" coveredmethods="2"/>
        <line num="7" count="186" type="stmt"/>
        <line num="9" count="186" type="stmt"/>
        <line num="12" count="119" type="cond" truecount="2" falsecount="0"/>
        <line num="14" count="66" type="cond" truecount="2" falsecount="0"/>
        <line num="15" count="20" type="cond" truecount="2" falsecount="0"/>
        <line num="17" count="3" type="stmt"/>
        <line num="20" count="17" type="stmt"/>
        <line num="26" count="186" type="cond" truecount="2" falsecount="0"/>
        <line num="27" count="106" type="stmt"/>
        <line num="34" count="80" type="stmt"/>
      </file>
      <file name="login.tsx" path="/home/subasing/pocs/micro-kiosk/frontend/app/(auth)/login.tsx">
        <metrics statements="20" coveredstatements="20" conditionals="4" coveredconditionals="4" methods="4" coveredmethods="4"/>
        <line num="18" count="83" type="stmt"/>
        <line num="19" count="83" type="stmt"/>
        <line num="20" count="83" type="stmt"/>
        <line num="21" count="83" type="stmt"/>
        <line num="22" count="83" type="stmt"/>
        <line num="23" count="83" type="stmt"/>
        <line num="25" count="83" type="stmt"/>
        <line num="27" count="83" type="stmt"/>
        <line num="28" count="5" type="stmt"/>
        <line num="29" count="5" type="stmt"/>
        <line num="31" count="4" type="stmt"/>
        <line num="34" count="4" type="stmt"/>
        <line num="35" count="4" type="stmt"/>
        <line num="37" count="4" type="stmt"/>
        <line num="39" count="1" type="stmt"/>
        <line num="40" count="1" type="stmt"/>
        <line num="44" count="83" type="stmt"/>
        <line num="66" count="1" type="stmt"/>
        <line num="86" count="1" type="stmt"/>
        <line num="92" count="6" type="stmt"/>
      </file>
      <file name="register.tsx" path="/home/subasing/pocs/micro-kiosk/frontend/app/(auth)/register.tsx">
        <metrics statements="33" coveredstatements="33" conditionals="8" coveredconditionals="8" methods="6" coveredmethods="6"/>
        <line num="10" count="5" type="stmt"/>
        <line num="11" count="31" type="stmt"/>
        <line num="12" count="31" type="stmt"/>
        <line num="16" count="5" type="stmt"/>
        <line num="17" count="24" type="stmt"/>
        <line num="18" count="24" type="stmt"/>
        <line num="22" count="181" type="stmt"/>
        <line num="23" count="181" type="stmt"/>
        <line num="24" count="181" type="stmt"/>
        <line num="25" count="181" type="stmt"/>
        <line num="26" count="181" type="stmt"/>
        <line num="28" count="181" type="stmt"/>
        <line num="30" count="181" type="stmt"/>
        <line num="31" count="31" type="cond" truecount="2" falsecount="0"/>
        <line num="32" count="7" type="stmt"/>
        <line num="33" count="7" type="stmt"/>
        <line num="36" count="24" type="cond" truecount="2" falsecount="0"/>
        <line num="37" count="7" type="stmt"/>
        <line num="38" count="7" type="stmt"/>
        <line num="41" count="17" type="stmt"/>
        <line num="42" count="17" type="cond" truecount="2" falsecount="0"/>
        <line num="43" count="17" type="stmt"/>
        <line num="45" count="16" type="stmt"/>
        <line num="46" count="16" type="stmt"/>
        <line num="47" count="16" type="stmt"/>
        <line num="48" count="16" type="stmt"/>
        <line num="50" count="1" type="stmt"/>
        <line num="51" count="1" type="stmt"/>
        <line num="55" count="181" type="stmt"/>
        <line num="68" count="31" type="stmt"/>
        <line num="69" count="31" type="stmt"/>
        <line num="91" count="1" type="stmt"/>
        <line num="96" count="5" type="stmt"/>
      </file>
    </package>
    <package name="frontend.app.(protected)">
      <metrics statements="70" coveredstatements="69" conditionals="40" coveredconditionals="37" methods="13" coveredmethods="13"/>
      <file name="_layout.tsx" path="/home/subasing/pocs/micro-kiosk/frontend/app/(protected)/_layout.tsx">
        <metrics statements="16" coveredstatements="16" conditionals="18" coveredconditionals="18" methods="2" coveredmethods="2"/>
        <line num="7" count="75" type="stmt"/>
        <line num="8" count="74" type="stmt"/>
        <line num="10" count="74" type="stmt"/>
        <line num="11" count="74" type="cond" truecount="2" falsecount="0"/>
        <line num="14" count="67" type="cond" truecount="4" falsecount="0"/>
        <line num="15" count="11" type="stmt"/>
        <line num="16" count="11" type="stmt"/>
        <line num="20" count="56" type="cond" truecount="5" falsecount="0"/>
        <line num="21" count="9" type="stmt"/>
        <line num="22" count="9" type="stmt"/>
        <line num="26" count="47" type="cond" truecount="5" falsecount="0"/>
        <line num="27" count="8" type="stmt"/>
        <line num="28" count="8" type="stmt"/>
        <line num="32" count="74" type="cond" truecount="2" falsecount="0"/>
        <line num="33" count="7" type="stmt"/>
        <line num="40" count="67" type="stmt"/>
      </file>
      <file name="home.tsx" path="/home/subasing/pocs/micro-kiosk/frontend/app/(protected)/home.tsx">
        <metrics statements="4" coveredstatements="4" conditionals="0" coveredconditionals="0" methods="1" coveredmethods="1"/>
        <line num="6" count="49" type="stmt"/>
        <line num="7" count="49" type="stmt"/>
        <line num="9" count="48" type="stmt"/>
        <line num="16" count="6" type="stmt"/>
      </file>
      <file name="verify.tsx" path="/home/subasing/pocs/micro-kiosk/frontend/app/(protected)/verify.tsx">
        <metrics statements="50" coveredstatements="49" conditionals="22" coveredconditionals="19" methods="10" coveredmethods="10"/>
        <line num="12" count="138" type="stmt"/>
        <line num="13" count="138" type="stmt"/>
        <line num="14" count="138" type="stmt"/>
        <line num="15" count="138" type="stmt"/>
        <line num="16" count="138" type="stmt"/>
        <line num="17" count="138" type="stmt"/>
        <line num="18" count="138" type="stmt"/>
        <line num="20" count="138" type="stmt"/>
        <line num="22" count="138" type="stmt"/>
        <line num="23" count="31" type="stmt"/>
        <line num="24" count="31" type="stmt"/>
        <line num="25" count="31" type="stmt"/>
        <line num="30" count="0" type="stmt"/>
        <line num="33" count="31" type="stmt"/>
        <line num="36" count="138" type="stmt"/>
        <line num="37" count="57" type="stmt"/>
        <line num="39" count="57" type="cond" truecount="2" falsecount="0"/>
        <line num="41" count="1" type="stmt"/>
        <line num="42" count="1" type="stmt"/>
        <line num="43" count="6" type="stmt"/>
        <line num="45" count="1" type="stmt"/>
        <line num="46" count="1" type="stmt"/>
        <line num="47" count="1" type="stmt"/>
        <line num="50" count="56" type="stmt"/>
        <line num="51" count="56" type="stmt"/>
        <line num="53" count="56" type="cond" truecount="4" falsecount="0"/>
        <line num="54" count="48" type="stmt"/>
        <line num="55" count="48" type="stmt"/>
        <line num="59" count="138" type="stmt"/>
        <line num="60" count="9" type="stmt"/>
        <line num="61" count="9" type="cond" truecount="2" falsecount="0"/>
        <line num="62" count="1" type="stmt"/>
        <line num="63" count="1" type="stmt"/>
        <line num="66" count="8" type="stmt"/>
        <line num="67" count="8" type="cond" truecount="1" falsecount="1"/>
        <line num="68" count="7" type="stmt"/>
        <line num="69" count="7" type="stmt"/>
        <line num="71" count="1" type="stmt"/>
        <line num="75" count="138" type="stmt"/>
        <line num="80" count="828" type="stmt"/>
        <line num="82" count="1656" type="stmt"/>
        <line num="86" count="57" type="stmt"/>
        <line num="88" count="2" type="cond" truecount="1" falsecount="1"/>
        <line num="89" count="2" type="cond" truecount="3" falsecount="1"/>
        <line num="90" count="2" type="stmt"/>
        <line num="91" count="2" type="stmt"/>
        <line num="92" count="2" type="stmt"/>
        <line num="93" count="2" type="stmt"/>
        <line num="94" count="2" type="stmt"/>
        <line num="117" count="5" type="stmt"/>
      </file>
    </package>
    <package name="frontend.components">
      <metrics statements="21" coveredstatements="16" conditionals="7" coveredconditionals="6" methods="8" coveredmethods="4"/>
      <file name="Header.tsx" path="/home/subasing/pocs/micro-kiosk/frontend/components/Header.tsx">
        <metrics statements="21" coveredstatements="16" conditionals="7" coveredconditionals="6" methods="8" coveredmethods="4"/>
        <line num="10" count="7" type="stmt"/>
        <line num="11" count="231" type="stmt"/>
        <line num="12" count="231" type="stmt"/>
        <line num="14" count="231" type="stmt"/>
        <line num="15" count="231" type="stmt"/>
        <line num="17" count="231" type="cond" truecount="2" falsecount="1"/>
        <line num="18" count="231" type="stmt"/>
        <line num="20" count="231" type="stmt"/>
        <line num="25" count="231" type="stmt"/>
        <line num="26" count="0" type="stmt"/>
        <line num="27" count="0" type="stmt"/>
        <line num="30" count="231" type="stmt"/>
        <line num="31" count="2" type="stmt"/>
        <line num="32" count="2" type="stmt"/>
        <line num="35" count="231" type="stmt"/>
        <line num="36" count="1" type="stmt"/>
        <line num="39" count="231" type="stmt"/>
        <line num="63" count="0" type="stmt"/>
        <line num="83" count="0" type="stmt"/>
        <line num="102" count="462" type="stmt"/>
        <line num="104" count="0" type="stmt"/>
      </file>
    </package>
    <package name="frontend.context">
      <metrics statements="47" coveredstatements="47" conditionals="6" coveredconditionals="4" methods="10" coveredmethods="10"/>
      <file name="AuthContext.tsx" path="/home/subasing/pocs/micro-kiosk/frontend/context/AuthContext.tsx">
        <metrics statements="37" coveredstatements="37" conditionals="4" coveredconditionals="3" methods="7" coveredmethods="7"/>
        <line num="27" count="7" type="stmt"/>
        <line num="29" count="7" type="stmt"/>
        <line num="30" count="149" type="stmt"/>
        <line num="31" count="149" type="stmt"/>
        <line num="32" count="149" type="stmt"/>
        <line num="33" count="149" type="stmt"/>
        <line num="34" count="149" type="stmt"/>
        <line num="36" count="149" type="stmt"/>
        <line num="37" count="60" type="stmt"/>
        <line num="38" count="60" type="stmt"/>
        <line num="39" count="60" type="cond" truecount="2" falsecount="0"/>
        <line num="40" count="17" type="stmt"/>
        <line num="41" count="17" type="stmt"/>
        <line num="42" count="16" type="stmt"/>
        <line num="44" count="1" type="stmt"/>
        <line num="47" count="43" type="stmt"/>
        <line num="50" count="60" type="stmt"/>
        <line num="53" count="60" type="stmt"/>
        <line num="56" count="149" type="stmt"/>
        <line num="61" count="43" type="stmt"/>
        <line num="62" count="43" type="stmt"/>
        <line num="63" count="43" type="stmt"/>
        <line num="64" count="43" type="stmt"/>
        <line num="65" count="43" type="stmt"/>
        <line num="68" count="149" type="stmt"/>
        <line num="69" count="46" type="stmt"/>
        <line num="70" count="46" type="stmt"/>
        <line num="71" count="46" type="stmt"/>
        <line num="72" count="46" type="stmt"/>
        <line num="73" count="46" type="stmt"/>
        <line num="76" count="149" type="stmt"/>
        <line num="77" count="149" type="stmt"/>
        <line num="89" count="149" type="stmt"/>
        <line num="94" count="7" type="stmt"/>
        <line num="95" count="894" type="stmt"/>
        <line num="96" count="893" type="cond" truecount="1" falsecount="1"/>
        <line num="97" count="893" type="stmt"/>
      </file>
      <file name="HeaderContext.tsx" path="/home/subasing/pocs/micro-kiosk/frontend/context/HeaderContext.tsx">
        <metrics statements="10" coveredstatements="10" conditionals="2" coveredconditionals="1" methods="3" coveredmethods="3"/>
        <line num="10" count="7" type="stmt"/>
        <line num="13" count="142" type="stmt"/>
        <line num="14" count="142" type="stmt"/>
        <line num="16" count="142" type="stmt"/>
        <line num="17" count="142" type="stmt"/>
        <line num="26" count="142" type="stmt"/>
        <line num="33" count="7" type="stmt"/>
        <line num="34" count="682" type="stmt"/>
        <line num="35" count="681" type="cond" truecount="1" falsecount="1"/>
        <line num="36" count="681" type="stmt"/>
      </file>
    </package>
    <package name="frontend.utils">
      <metrics statements="15" coveredstatements="0" conditionals="6" coveredconditionals="0" methods="3" coveredmethods="0"/>
      <file name="token.ts" path="/home/subasing/pocs/micro-kiosk/frontend/utils/token.ts">
        <metrics statements="15" coveredstatements="0" conditionals="6" coveredconditionals="0" methods="3" coveredmethods="0"/>
        <line num="4" count="0" type="stmt"/>
        <line num="6" count="0" type="stmt"/>
        <line num="7" count="0" type="stmt"/>
        <line num="8" count="0" type="cond" truecount="0" falsecount="2"/>
        <line num="10" count="0" type="stmt"/>
        <line num="15" count="0" type="stmt"/>
        <line num="16" count="0" type="stmt"/>
        <line num="17" count="0" type="cond" truecount="0" falsecount="2"/>
        <line num="18" count="0" type="stmt"/>
        <line num="20" count="0" type="stmt"/>
        <line num="21" count="0" type="stmt"/>
        <line num="26" count="0" type="stmt"/>
        <line num="27" count="0" type="stmt"/>
        <line num="28" count="0" type="cond" truecount="0" falsecount="2"/>
        <line num="30" count="0" type="stmt"/>
      </file>
    </package>
  </project>
</coverage>
