{"/home/subasing/pocs/micro-kiosk/frontend/i18next.ts": {"path":"/home/subasing/pocs/micro-kiosk/frontend/i18next.ts","statementMap":{"0":{"start":{"line":6,"column":18},"end":{"line":13,"column":1}},"1":{"start":{"line":15,"column":0},"end":{"line":30,"column":12}}},"fnMap":{},"branchMap":{},"s":{"0":7,"1":7},"f":{},"b":{},"_coverageSchema":"1a1c01bbd47fc00a2c39e90264f33305004495a9","hash":"bc7a080f6f0a2b1b6e3a684249b209448c1bc5ac"}
,"/home/subasing/pocs/micro-kiosk/frontend/actions/useHeaderConfig.tsx": {"path":"/home/subasing/pocs/micro-kiosk/frontend/actions/useHeaderConfig.tsx","statementMap":{"0":{"start":{"line":12,"column":36},"end":{"line":12,"column":47}},"1":{"start":{"line":14,"column":2},"end":{"line":19,"column":4}},"2":{"start":{"line":16,"column":6},"end":{"line":16,"column":22}},"3":{"start":{"line":17,"column":6},"end":{"line":17,"column":28}}},"fnMap":{"0":{"name":"useHeaderConfig","decl":{"start":{"line":11,"column":16},"end":{"line":11,"column":31}},"loc":{"start":{"line":11,"column":73},"end":{"line":20,"column":1}},"line":11},"1":{"name":"(anonymous_1)","decl":{"start":{"line":15,"column":16},"end":{"line":15,"column":17}},"loc":{"start":{"line":15,"column":22},"end":{"line":18,"column":5}},"line":15}},"branchMap":{"0":{"loc":{"start":{"line":11,"column":47},"end":{"line":11,"column":71}},"type":"default-arg","locations":[{"start":{"line":11,"column":67},"end":{"line":11,"column":71}}],"line":11}},"s":{"0":451,"1":450,"2":94,"3":94},"f":{"0":451,"1":94},"b":{"0":[0]},"_coverageSchema":"1a1c01bbd47fc00a2c39e90264f33305004495a9","hash":"92a0ea361655ea642f81263fadcaa860037ed1c4"}
,"/home/subasing/pocs/micro-kiosk/frontend/actions/useNavigationReadyStable.tsx": {"path":"/home/subasing/pocs/micro-kiosk/frontend/actions/useNavigationReadyStable.tsx","statementMap":{"0":{"start":{"line":8,"column":40},"end":{"line":19,"column":1}},"1":{"start":{"line":9,"column":28},"end":{"line":9,"column":43}},"2":{"start":{"line":10,"column":17},"end":{"line":10,"column":46}},"3":{"start":{"line":12,"column":2},"end":{"line":16,"column":22}},"4":{"start":{"line":13,"column":4},"end":{"line":15,"column":5}},"5":{"start":{"line":14,"column":6},"end":{"line":14,"column":21}},"6":{"start":{"line":18,"column":2},"end":{"line":18,"column":15}}},"fnMap":{"0":{"name":"(anonymous_0)","decl":{"start":{"line":8,"column":40},"end":{"line":8,"column":41}},"loc":{"start":{"line":8,"column":46},"end":{"line":19,"column":1}},"line":8},"1":{"name":"(anonymous_1)","decl":{"start":{"line":12,"column":12},"end":{"line":12,"column":13}},"loc":{"start":{"line":12,"column":18},"end":{"line":16,"column":3}},"line":12}},"branchMap":{"0":{"loc":{"start":{"line":13,"column":4},"end":{"line":15,"column":5}},"type":"if","locations":[{"start":{"line":13,"column":4},"end":{"line":15,"column":5}},{"start":{},"end":{}}],"line":13},"1":{"loc":{"start":{"line":13,"column":8},"end":{"line":13,"column":32}},"type":"binary-expr","locations":[{"start":{"line":13,"column":8},"end":{"line":13,"column":22}},{"start":{"line":13,"column":26},"end":{"line":13,"column":32}}],"line":13}},"s":{"0":0,"1":0,"2":0,"3":0,"4":0,"5":0,"6":0},"f":{"0":0,"1":0},"b":{"0":[0,0],"1":[0,0]}}
,"/home/subasing/pocs/micro-kiosk/frontend/api/authService.ts": {"path":"/home/subasing/pocs/micro-kiosk/frontend/api/authService.ts","statementMap":{"0":{"start":{"line":7,"column":19},"end":{"line":9,"column":1}},"1":{"start":{"line":11,"column":25},"end":{"line":19,"column":1}},"2":{"start":{"line":12,"column":2},"end":{"line":18,"column":3}},"3":{"start":{"line":13,"column":21},"end":{"line":13,"column":62}},"4":{"start":{"line":14,"column":4},"end":{"line":14,"column":25}},"5":{"start":{"line":16,"column":4},"end":{"line":16,"column":45}},"6":{"start":{"line":17,"column":4},"end":{"line":17,"column":16}},"7":{"start":{"line":21,"column":28},"end":{"line":29,"column":1}},"8":{"start":{"line":22,"column":2},"end":{"line":28,"column":3}},"9":{"start":{"line":23,"column":21},"end":{"line":23,"column":65}},"10":{"start":{"line":24,"column":4},"end":{"line":24,"column":25}},"11":{"start":{"line":26,"column":4},"end":{"line":26,"column":48}},"12":{"start":{"line":27,"column":4},"end":{"line":27,"column":16}},"13":{"start":{"line":31,"column":24},"end":{"line":42,"column":1}},"14":{"start":{"line":35,"column":2},"end":{"line":41,"column":3}},"15":{"start":{"line":36,"column":21},"end":{"line":36,"column":57}},"16":{"start":{"line":37,"column":4},"end":{"line":37,"column":25}},"17":{"start":{"line":39,"column":4},"end":{"line":39,"column":46}},"18":{"start":{"line":40,"column":4},"end":{"line":40,"column":16}},"19":{"start":{"line":44,"column":30},"end":{"line":66,"column":1}},"20":{"start":{"line":49,"column":2},"end":{"line":65,"column":3}},"21":{"start":{"line":50,"column":4},"end":{"line":52,"column":5}},"22":{"start":{"line":51,"column":6},"end":{"line":51,"column":58}},"23":{"start":{"line":53,"column":21},"end":{"line":60,"column":5}},"24":{"start":{"line":61,"column":4},"end":{"line":61,"column":25}},"25":{"start":{"line":63,"column":4},"end":{"line":63,"column":46}},"26":{"start":{"line":64,"column":4},"end":{"line":64,"column":16}},"27":{"start":{"line":68,"column":27},"end":{"line":80,"column":1}},"28":{"start":{"line":69,"column":2},"end":{"line":79,"column":3}},"29":{"start":{"line":70,"column":21},"end":{"line":74,"column":6}},"30":{"start":{"line":75,"column":4},"end":{"line":75,"column":25}},"31":{"start":{"line":77,"column":4},"end":{"line":77,"column":42}},"32":{"start":{"line":78,"column":4},"end":{"line":78,"column":16}}},"fnMap":{"0":{"name":"(anonymous_0)","decl":{"start":{"line":11,"column":25},"end":{"line":11,"column":26}},"loc":{"start":{"line":11,"column":69},"end":{"line":19,"column":1}},"line":11},"1":{"name":"(anonymous_1)","decl":{"start":{"line":21,"column":28},"end":{"line":21,"column":29}},"loc":{"start":{"line":21,"column":72},"end":{"line":29,"column":1}},"line":21},"2":{"name":"(anonymous_2)","decl":{"start":{"line":31,"column":24},"end":{"line":31,"column":25}},"loc":{"start":{"line":34,"column":5},"end":{"line":42,"column":1}},"line":34},"3":{"name":"(anonymous_3)","decl":{"start":{"line":44,"column":30},"end":{"line":44,"column":31}},"loc":{"start":{"line":48,"column":5},"end":{"line":66,"column":1}},"line":48},"4":{"name":"(anonymous_4)","decl":{"start":{"line":68,"column":27},"end":{"line":68,"column":28}},"loc":{"start":{"line":68,"column":52},"end":{"line":80,"column":1}},"line":68}},"branchMap":{"0":{"loc":{"start":{"line":50,"column":4},"end":{"line":52,"column":5}},"type":"if","locations":[{"start":{"line":50,"column":4},"end":{"line":52,"column":5}},{"start":{},"end":{}}],"line":50}},"s":{"0":0,"1":0,"2":0,"3":0,"4":0,"5":0,"6":0,"7":0,"8":0,"9":0,"10":0,"11":0,"12":0,"13":0,"14":0,"15":0,"16":0,"17":0,"18":0,"19":0,"20":0,"21":0,"22":0,"23":0,"24":0,"25":0,"26":0,"27":0,"28":0,"29":0,"30":0,"31":0,"32":0},"f":{"0":0,"1":0,"2":0,"3":0,"4":0},"b":{"0":[0,0]}}
,"/home/subasing/pocs/micro-kiosk/frontend/app/_layout.tsx": {"path":"/home/subasing/pocs/micro-kiosk/frontend/app/_layout.tsx","statementMap":{"0":{"start":{"line":7,"column":2},"end":{"line":12,"column":4}},"1":{"start":{"line":16,"column":2},"end":{"line":22,"column":4}}},"fnMap":{"0":{"name":"RootLayout","decl":{"start":{"line":6,"column":9},"end":{"line":6,"column":19}},"loc":{"start":{"line":6,"column":22},"end":{"line":13,"column":1}},"line":6},"1":{"name":"Layout","decl":{"start":{"line":15,"column":24},"end":{"line":15,"column":30}},"loc":{"start":{"line":15,"column":33},"end":{"line":23,"column":1}},"line":15}},"branchMap":{},"s":{"0":61,"1":61},"f":{"0":61,"1":61},"b":{},"_coverageSchema":"1a1c01bbd47fc00a2c39e90264f33305004495a9","hash":"21e47dded05dc2029a67691a1db9f2c32f2204e8"}
,"/home/subasing/pocs/micro-kiosk/frontend/app/index.tsx": {"path":"/home/subasing/pocs/micro-kiosk/frontend/app/index.tsx","statementMap":{"0":{"start":{"line":4,"column":2},"end":{"line":4,"column":36}}},"fnMap":{"0":{"name":"Index","decl":{"start":{"line":3,"column":24},"end":{"line":3,"column":29}},"loc":{"start":{"line":3,"column":32},"end":{"line":5,"column":1}},"line":3}},"branchMap":{},"s":{"0":1},"f":{"0":1},"b":{},"_coverageSchema":"1a1c01bbd47fc00a2c39e90264f33305004495a9","hash":"cd847990cef71e02df8f216a975094c23b9f45ca"}
,"/home/subasing/pocs/micro-kiosk/frontend/app/(auth)/_layout.tsx": {"path":"/home/subasing/pocs/micro-kiosk/frontend/app/(auth)/_layout.tsx","statementMap":{"0":{"start":{"line":7,"column":51},"end":{"line":7,"column":60}},"1":{"start":{"line":9,"column":2},"end":{"line":24,"column":4}},"2":{"start":{"line":12,"column":6},"end":{"line":12,"column":26}},"3":{"start":{"line":12,"column":19},"end":{"line":12,"column":26}},"4":{"start":{"line":14,"column":6},"end":{"line":22,"column":7}},"5":{"start":{"line":15,"column":8},"end":{"line":21,"column":9}},"6":{"start":{"line":17,"column":10},"end":{"line":17,"column":34}},"7":{"start":{"line":20,"column":10},"end":{"line":20,"column":36}},"8":{"start":{"line":26,"column":2},"end":{"line":32,"column":3}},"9":{"start":{"line":27,"column":4},"end":{"line":31,"column":6}},"10":{"start":{"line":34,"column":2},"end":{"line":34,"column":18}}},"fnMap":{"0":{"name":"AuthLayout","decl":{"start":{"line":6,"column":24},"end":{"line":6,"column":34}},"loc":{"start":{"line":6,"column":37},"end":{"line":35,"column":1}},"line":6},"1":{"name":"(anonymous_1)","decl":{"start":{"line":10,"column":22},"end":{"line":10,"column":23}},"loc":{"start":{"line":10,"column":28},"end":{"line":23,"column":5}},"line":10}},"branchMap":{"0":{"loc":{"start":{"line":12,"column":6},"end":{"line":12,"column":26}},"type":"if","locations":[{"start":{"line":12,"column":6},"end":{"line":12,"column":26}},{"start":{},"end":{}}],"line":12},"1":{"loc":{"start":{"line":14,"column":6},"end":{"line":22,"column":7}},"type":"if","locations":[{"start":{"line":14,"column":6},"end":{"line":22,"column":7}},{"start":{},"end":{}}],"line":14},"2":{"loc":{"start":{"line":15,"column":8},"end":{"line":21,"column":9}},"type":"if","locations":[{"start":{"line":15,"column":8},"end":{"line":21,"column":9}},{"start":{"line":18,"column":15},"end":{"line":21,"column":9}}],"line":15},"3":{"loc":{"start":{"line":26,"column":2},"end":{"line":32,"column":3}},"type":"if","locations":[{"start":{"line":26,"column":2},"end":{"line":32,"column":3}},{"start":{},"end":{}}],"line":26}},"s":{"0":186,"1":186,"2":119,"3":53,"4":66,"5":20,"6":3,"7":17,"8":186,"9":106,"10":80},"f":{"0":186,"1":119},"b":{"0":[53,66],"1":[20,46],"2":[3,17],"3":[106,80]},"_coverageSchema":"1a1c01bbd47fc00a2c39e90264f33305004495a9","hash":"8fe68ef5c8a18b43d4c579d298848c18233c8f9a"}
,"/home/subasing/pocs/micro-kiosk/frontend/app/(auth)/login.tsx": {"path":"/home/subasing/pocs/micro-kiosk/frontend/app/(auth)/login.tsx","statementMap":{"0":{"start":{"line":18,"column":30},"end":{"line":18,"column":42}},"1":{"start":{"line":19,"column":34},"end":{"line":19,"column":46}},"2":{"start":{"line":20,"column":42},"end":{"line":20,"column":57}},"3":{"start":{"line":21,"column":28},"end":{"line":21,"column":40}},"4":{"start":{"line":22,"column":20},"end":{"line":22,"column":29}},"5":{"start":{"line":23,"column":16},"end":{"line":23,"column":32}},"6":{"start":{"line":25,"column":2},"end":{"line":25,"column":50}},"7":{"start":{"line":27,"column":22},"end":{"line":42,"column":3}},"8":{"start":{"line":28,"column":4},"end":{"line":41,"column":5}},"9":{"start":{"line":29,"column":18},"end":{"line":29,"column":51}},"10":{"start":{"line":31,"column":6},"end":{"line":31,"column":44}},"11":{"start":{"line":34,"column":6},"end":{"line":34,"column":54}},"12":{"start":{"line":35,"column":6},"end":{"line":35,"column":19}},"13":{"start":{"line":37,"column":6},"end":{"line":37,"column":30}},"14":{"start":{"line":39,"column":6},"end":{"line":39,"column":41}},"15":{"start":{"line":40,"column":6},"end":{"line":40,"column":52}},"16":{"start":{"line":44,"column":2},"end":{"line":89,"column":4}},"17":{"start":{"line":66,"column":25},"end":{"line":66,"column":55}},"18":{"start":{"line":86,"column":23},"end":{"line":86,"column":47}},"19":{"start":{"line":92,"column":15},"end":{"line":108,"column":2}}},"fnMap":{"0":{"name":"LoginScreen","decl":{"start":{"line":17,"column":24},"end":{"line":17,"column":35}},"loc":{"start":{"line":17,"column":38},"end":{"line":90,"column":1}},"line":17},"1":{"name":"(anonymous_1)","decl":{"start":{"line":27,"column":22},"end":{"line":27,"column":23}},"loc":{"start":{"line":27,"column":34},"end":{"line":42,"column":3}},"line":27},"2":{"name":"(anonymous_2)","decl":{"start":{"line":66,"column":19},"end":{"line":66,"column":20}},"loc":{"start":{"line":66,"column":25},"end":{"line":66,"column":55}},"line":66},"3":{"name":"(anonymous_3)","decl":{"start":{"line":86,"column":17},"end":{"line":86,"column":18}},"loc":{"start":{"line":86,"column":23},"end":{"line":86,"column":47}},"line":86}},"branchMap":{"0":{"loc":{"start":{"line":70,"column":18},"end":{"line":70,"column":50}},"type":"cond-expr","locations":[{"start":{"line":70,"column":33},"end":{"line":70,"column":42}},{"start":{"line":70,"column":45},"end":{"line":70,"column":50}}],"line":70},"1":{"loc":{"start":{"line":76,"column":7},"end":{"line":76,"column":63}},"type":"cond-expr","locations":[{"start":{"line":76,"column":15},"end":{"line":76,"column":56}},{"start":{"line":76,"column":59},"end":{"line":76,"column":63}}],"line":76}},"s":{"0":83,"1":83,"2":83,"3":83,"4":83,"5":83,"6":83,"7":83,"8":5,"9":5,"10":4,"11":4,"12":4,"13":4,"14":1,"15":1,"16":83,"17":1,"18":1,"19":6},"f":{"0":83,"1":5,"2":1,"3":1},"b":{"0":[1,82],"1":[1,82]},"_coverageSchema":"1a1c01bbd47fc00a2c39e90264f33305004495a9","hash":"61d3eb4995320cbe7bd1ca11ee3897f3d8ff2ad8"}
,"/home/subasing/pocs/micro-kiosk/frontend/app/(auth)/register.tsx": {"path":"/home/subasing/pocs/micro-kiosk/frontend/app/(auth)/register.tsx","statementMap":{"0":{"start":{"line":10,"column":22},"end":{"line":13,"column":1}},"1":{"start":{"line":11,"column":16},"end":{"line":11,"column":54}},"2":{"start":{"line":12,"column":2},"end":{"line":12,"column":28}},"3":{"start":{"line":16,"column":24},"end":{"line":19,"column":1}},"4":{"start":{"line":17,"column":16},"end":{"line":17,"column":55}},"5":{"start":{"line":18,"column":2},"end":{"line":18,"column":30}},"6":{"start":{"line":22,"column":30},"end":{"line":22,"column":42}},"7":{"start":{"line":23,"column":34},"end":{"line":23,"column":46}},"8":{"start":{"line":24,"column":28},"end":{"line":24,"column":40}},"9":{"start":{"line":25,"column":20},"end":{"line":25,"column":29}},"10":{"start":{"line":26,"column":16},"end":{"line":26,"column":32}},"11":{"start":{"line":28,"column":2},"end":{"line":28,"column":52}},"12":{"start":{"line":30,"column":25},"end":{"line":53,"column":3}},"13":{"start":{"line":31,"column":4},"end":{"line":34,"column":5}},"14":{"start":{"line":32,"column":6},"end":{"line":32,"column":57}},"15":{"start":{"line":33,"column":6},"end":{"line":33,"column":13}},"16":{"start":{"line":36,"column":4},"end":{"line":39,"column":5}},"17":{"start":{"line":37,"column":6},"end":{"line":37,"column":59}},"18":{"start":{"line":38,"column":6},"end":{"line":38,"column":13}},"19":{"start":{"line":41,"column":4},"end":{"line":52,"column":5}},"20":{"start":{"line":42,"column":30},"end":{"line":42,"column":76}},"21":{"start":{"line":43,"column":18},"end":{"line":43,"column":63}},"22":{"start":{"line":45,"column":6},"end":{"line":45,"column":58}},"23":{"start":{"line":46,"column":6},"end":{"line":46,"column":47}},"24":{"start":{"line":47,"column":6},"end":{"line":47,"column":19}},"25":{"start":{"line":48,"column":6},"end":{"line":48,"column":32}},"26":{"start":{"line":50,"column":6},"end":{"line":50,"column":44}},"27":{"start":{"line":51,"column":6},"end":{"line":51,"column":53}},"28":{"start":{"line":55,"column":2},"end":{"line":93,"column":4}},"29":{"start":{"line":68,"column":31},"end":{"line":68,"column":58}},"30":{"start":{"line":69,"column":12},"end":{"line":69,"column":34}},"31":{"start":{"line":91,"column":102},"end":{"line":91,"column":126}},"32":{"start":{"line":96,"column":15},"end":{"line":123,"column":2}}},"fnMap":{"0":{"name":"(anonymous_0)","decl":{"start":{"line":10,"column":22},"end":{"line":10,"column":23}},"loc":{"start":{"line":10,"column":42},"end":{"line":13,"column":1}},"line":10},"1":{"name":"(anonymous_1)","decl":{"start":{"line":16,"column":24},"end":{"line":16,"column":25}},"loc":{"start":{"line":16,"column":46},"end":{"line":19,"column":1}},"line":16},"2":{"name":"RegisterScreen","decl":{"start":{"line":21,"column":24},"end":{"line":21,"column":38}},"loc":{"start":{"line":21,"column":41},"end":{"line":94,"column":1}},"line":21},"3":{"name":"(anonymous_3)","decl":{"start":{"line":30,"column":25},"end":{"line":30,"column":26}},"loc":{"start":{"line":30,"column":37},"end":{"line":53,"column":3}},"line":30},"4":{"name":"(anonymous_4)","decl":{"start":{"line":67,"column":24},"end":{"line":67,"column":25}},"loc":{"start":{"line":67,"column":34},"end":{"line":70,"column":11}},"line":67},"5":{"name":"(anonymous_5)","decl":{"start":{"line":91,"column":96},"end":{"line":91,"column":97}},"loc":{"start":{"line":91,"column":102},"end":{"line":91,"column":126}},"line":91}},"branchMap":{"0":{"loc":{"start":{"line":31,"column":4},"end":{"line":34,"column":5}},"type":"if","locations":[{"start":{"line":31,"column":4},"end":{"line":34,"column":5}},{"start":{},"end":{}}],"line":31},"1":{"loc":{"start":{"line":36,"column":4},"end":{"line":39,"column":5}},"type":"if","locations":[{"start":{"line":36,"column":4},"end":{"line":39,"column":5}},{"start":{},"end":{}}],"line":36},"2":{"loc":{"start":{"line":42,"column":30},"end":{"line":42,"column":76}},"type":"cond-expr","locations":[{"start":{"line":42,"column":55},"end":{"line":42,"column":61}},{"start":{"line":42,"column":64},"end":{"line":42,"column":76}}],"line":42},"3":{"loc":{"start":{"line":87,"column":7},"end":{"line":87,"column":63}},"type":"cond-expr","locations":[{"start":{"line":87,"column":15},"end":{"line":87,"column":56}},{"start":{"line":87,"column":59},"end":{"line":87,"column":63}}],"line":87}},"s":{"0":5,"1":31,"2":31,"3":5,"4":24,"5":24,"6":181,"7":181,"8":181,"9":181,"10":181,"11":181,"12":181,"13":31,"14":7,"15":7,"16":24,"17":7,"18":7,"19":17,"20":17,"21":17,"22":16,"23":16,"24":16,"25":16,"26":1,"27":1,"28":181,"29":31,"30":31,"31":1,"32":5},"f":{"0":31,"1":24,"2":181,"3":31,"4":31,"5":1},"b":{"0":[7,24],"1":[7,17],"2":[10,7],"3":[15,166]},"_coverageSchema":"1a1c01bbd47fc00a2c39e90264f33305004495a9","hash":"10f5eed3cf5f752f568416ac8fa1f9b12ae30711"}
,"/home/subasing/pocs/micro-kiosk/frontend/app/(protected)/_layout.tsx": {"path":"/home/subasing/pocs/micro-kiosk/frontend/app/(protected)/_layout.tsx","statementMap":{"0":{"start":{"line":7,"column":51},"end":{"line":7,"column":60}},"1":{"start":{"line":8,"column":19},"end":{"line":8,"column":32}},"2":{"start":{"line":10,"column":2},"end":{"line":30,"column":55}},"3":{"start":{"line":11,"column":4},"end":{"line":11,"column":24}},"4":{"start":{"line":11,"column":17},"end":{"line":11,"column":24}},"5":{"start":{"line":14,"column":4},"end":{"line":17,"column":5}},"6":{"start":{"line":15,"column":6},"end":{"line":15,"column":31}},"7":{"start":{"line":16,"column":6},"end":{"line":16,"column":13}},"8":{"start":{"line":20,"column":4},"end":{"line":23,"column":5}},"9":{"start":{"line":21,"column":6},"end":{"line":21,"column":32}},"10":{"start":{"line":22,"column":6},"end":{"line":22,"column":13}},"11":{"start":{"line":26,"column":4},"end":{"line":29,"column":5}},"12":{"start":{"line":27,"column":6},"end":{"line":27,"column":30}},"13":{"start":{"line":28,"column":6},"end":{"line":28,"column":13}},"14":{"start":{"line":32,"column":2},"end":{"line":38,"column":3}},"15":{"start":{"line":33,"column":4},"end":{"line":37,"column":6}},"16":{"start":{"line":40,"column":2},"end":{"line":44,"column":4}}},"fnMap":{"0":{"name":"ProtectedLayout","decl":{"start":{"line":6,"column":24},"end":{"line":6,"column":39}},"loc":{"start":{"line":6,"column":42},"end":{"line":45,"column":1}},"line":6},"1":{"name":"(anonymous_1)","decl":{"start":{"line":10,"column":12},"end":{"line":10,"column":13}},"loc":{"start":{"line":10,"column":18},"end":{"line":30,"column":3}},"line":10}},"branchMap":{"0":{"loc":{"start":{"line":11,"column":4},"end":{"line":11,"column":24}},"type":"if","locations":[{"start":{"line":11,"column":4},"end":{"line":11,"column":24}},{"start":{},"end":{}}],"line":11},"1":{"loc":{"start":{"line":14,"column":4},"end":{"line":17,"column":5}},"type":"if","locations":[{"start":{"line":14,"column":4},"end":{"line":17,"column":5}},{"start":{},"end":{}}],"line":14},"2":{"loc":{"start":{"line":14,"column":8},"end":{"line":14,"column":49}},"type":"binary-expr","locations":[{"start":{"line":14,"column":8},"end":{"line":14,"column":24}},{"start":{"line":14,"column":28},"end":{"line":14,"column":49}}],"line":14},"3":{"loc":{"start":{"line":20,"column":4},"end":{"line":23,"column":5}},"type":"if","locations":[{"start":{"line":20,"column":4},"end":{"line":23,"column":5}},{"start":{},"end":{}}],"line":20},"4":{"loc":{"start":{"line":20,"column":8},"end":{"line":20,"column":64}},"type":"binary-expr","locations":[{"start":{"line":20,"column":8},"end":{"line":20,"column":23}},{"start":{"line":20,"column":27},"end":{"line":20,"column":38}},{"start":{"line":20,"column":42},"end":{"line":20,"column":64}}],"line":20},"5":{"loc":{"start":{"line":26,"column":4},"end":{"line":29,"column":5}},"type":"if","locations":[{"start":{"line":26,"column":4},"end":{"line":29,"column":5}},{"start":{},"end":{}}],"line":26},"6":{"loc":{"start":{"line":26,"column":8},"end":{"line":26,"column":63}},"type":"binary-expr","locations":[{"start":{"line":26,"column":8},"end":{"line":26,"column":23}},{"start":{"line":26,"column":27},"end":{"line":26,"column":37}},{"start":{"line":26,"column":41},"end":{"line":26,"column":63}}],"line":26},"7":{"loc":{"start":{"line":32,"column":2},"end":{"line":38,"column":3}},"type":"if","locations":[{"start":{"line":32,"column":2},"end":{"line":38,"column":3}},{"start":{},"end":{}}],"line":32}},"s":{"0":75,"1":74,"2":74,"3":74,"4":7,"5":67,"6":11,"7":11,"8":56,"9":9,"10":9,"11":47,"12":8,"13":8,"14":74,"15":7,"16":67},"f":{"0":75,"1":74},"b":{"0":[7,67],"1":[11,56],"2":[67,11],"3":[9,47],"4":[56,56,35],"5":[8,39],"6":[47,47,21],"7":[7,67]},"_coverageSchema":"1a1c01bbd47fc00a2c39e90264f33305004495a9","hash":"2d3a139adcf68a7f9cbf7c3865570fc3bf9510bd"}
,"/home/subasing/pocs/micro-kiosk/frontend/app/(protected)/home.tsx": {"path":"/home/subasing/pocs/micro-kiosk/frontend/app/(protected)/home.tsx","statementMap":{"0":{"start":{"line":6,"column":16},"end":{"line":6,"column":32}},"1":{"start":{"line":7,"column":2},"end":{"line":7,"column":49}},"2":{"start":{"line":9,"column":2},"end":{"line":13,"column":4}},"3":{"start":{"line":16,"column":15},"end":{"line":19,"column":2}}},"fnMap":{"0":{"name":"HomeScreen","decl":{"start":{"line":5,"column":24},"end":{"line":5,"column":34}},"loc":{"start":{"line":5,"column":37},"end":{"line":14,"column":1}},"line":5}},"branchMap":{},"s":{"0":49,"1":49,"2":48,"3":6},"f":{"0":49},"b":{},"_coverageSchema":"1a1c01bbd47fc00a2c39e90264f33305004495a9","hash":"b25c40bd0c3306339b0e2c1ea4a5e389f55c938d"}
,"/home/subasing/pocs/micro-kiosk/frontend/app/(protected)/verify.tsx": {"path":"/home/subasing/pocs/micro-kiosk/frontend/app/(protected)/verify.tsx","statementMap":{"0":{"start":{"line":12,"column":26},"end":{"line":12,"column":70}},"1":{"start":{"line":13,"column":20},"end":{"line":13,"column":55}},"2":{"start":{"line":14,"column":42},"end":{"line":14,"column":53}},"3":{"start":{"line":15,"column":28},"end":{"line":15,"column":40}},"4":{"start":{"line":16,"column":35},"end":{"line":16,"column":44}},"5":{"start":{"line":17,"column":16},"end":{"line":17,"column":32}},"6":{"start":{"line":18,"column":17},"end":{"line":18,"column":28}},"7":{"start":{"line":20,"column":2},"end":{"line":20,"column":51}},"8":{"start":{"line":22,"column":2},"end":{"line":34,"column":9}},"9":{"start":{"line":23,"column":27},"end":{"line":32,"column":5}},"10":{"start":{"line":24,"column":6},"end":{"line":31,"column":7}},"11":{"start":{"line":25,"column":8},"end":{"line":28,"column":10}},"12":{"start":{"line":30,"column":8},"end":{"line":30,"column":55}},"13":{"start":{"line":33,"column":4},"end":{"line":33,"column":21}},"14":{"start":{"line":36,"column":23},"end":{"line":57,"column":3}},"15":{"start":{"line":37,"column":20},"end":{"line":37,"column":29}},"16":{"start":{"line":39,"column":4},"end":{"line":48,"column":5}},"17":{"start":{"line":41,"column":20},"end":{"line":41,"column":46}},"18":{"start":{"line":42,"column":6},"end":{"line":44,"column":9}},"19":{"start":{"line":43,"column":8},"end":{"line":43,"column":26}},"20":{"start":{"line":45,"column":6},"end":{"line":45,"column":23}},"21":{"start":{"line":46,"column":6},"end":{"line":46,"column":35}},"22":{"start":{"line":47,"column":6},"end":{"line":47,"column":13}},"23":{"start":{"line":50,"column":4},"end":{"line":50,"column":26}},"24":{"start":{"line":51,"column":4},"end":{"line":51,"column":21}},"25":{"start":{"line":53,"column":4},"end":{"line":56,"column":5}},"26":{"start":{"line":54,"column":6},"end":{"line":54,"column":33}},"27":{"start":{"line":55,"column":6},"end":{"line":55,"column":44}},"28":{"start":{"line":59,"column":23},"end":{"line":73,"column":3}},"29":{"start":{"line":60,"column":20},"end":{"line":60,"column":33}},"30":{"start":{"line":61,"column":4},"end":{"line":64,"column":5}},"31":{"start":{"line":62,"column":6},"end":{"line":62,"column":53}},"32":{"start":{"line":63,"column":6},"end":{"line":63,"column":13}},"33":{"start":{"line":66,"column":4},"end":{"line":72,"column":5}},"34":{"start":{"line":67,"column":18},"end":{"line":67,"column":68}},"35":{"start":{"line":68,"column":6},"end":{"line":68,"column":43}},"36":{"start":{"line":69,"column":6},"end":{"line":69,"column":30}},"37":{"start":{"line":71,"column":6},"end":{"line":71,"column":53}},"38":{"start":{"line":75,"column":2},"end":{"line":114,"column":4}},"39":{"start":{"line":80,"column":10},"end":{"line":104,"column":12}},"40":{"start":{"line":82,"column":27},"end":{"line":82,"column":57}},"41":{"start":{"line":86,"column":36},"end":{"line":86,"column":61}},"42":{"start":{"line":88,"column":14},"end":{"line":96,"column":15}},"43":{"start":{"line":89,"column":16},"end":{"line":95,"column":17}},"44":{"start":{"line":90,"column":34},"end":{"line":90,"column":43}},"45":{"start":{"line":91,"column":18},"end":{"line":91,"column":42}},"46":{"start":{"line":92,"column":18},"end":{"line":92,"column":35}},"47":{"start":{"line":93,"column":18},"end":{"line":93,"column":45}},"48":{"start":{"line":94,"column":18},"end":{"line":94,"column":56}},"49":{"start":{"line":117,"column":15},"end":{"line":132,"column":2}}},"fnMap":{"0":{"name":"VerifyScreen","decl":{"start":{"line":11,"column":24},"end":{"line":11,"column":36}},"loc":{"start":{"line":11,"column":39},"end":{"line":115,"column":1}},"line":11},"1":{"name":"(anonymous_1)","decl":{"start":{"line":22,"column":12},"end":{"line":22,"column":13}},"loc":{"start":{"line":22,"column":18},"end":{"line":34,"column":3}},"line":22},"2":{"name":"(anonymous_2)","decl":{"start":{"line":23,"column":27},"end":{"line":23,"column":28}},"loc":{"start":{"line":23,"column":39},"end":{"line":32,"column":5}},"line":23},"3":{"name":"(anonymous_3)","decl":{"start":{"line":36,"column":23},"end":{"line":36,"column":24}},"loc":{"start":{"line":36,"column":56},"end":{"line":57,"column":3}},"line":36},"4":{"name":"(anonymous_4)","decl":{"start":{"line":42,"column":20},"end":{"line":42,"column":21}},"loc":{"start":{"line":42,"column":33},"end":{"line":44,"column":7}},"line":42},"5":{"name":"(anonymous_5)","decl":{"start":{"line":59,"column":23},"end":{"line":59,"column":24}},"loc":{"start":{"line":59,"column":35},"end":{"line":73,"column":3}},"line":59},"6":{"name":"(anonymous_6)","decl":{"start":{"line":79,"column":18},"end":{"line":79,"column":19}},"loc":{"start":{"line":80,"column":10},"end":{"line":104,"column":12}},"line":80},"7":{"name":"(anonymous_7)","decl":{"start":{"line":82,"column":17},"end":{"line":82,"column":18}},"loc":{"start":{"line":82,"column":27},"end":{"line":82,"column":57}},"line":82},"8":{"name":"(anonymous_8)","decl":{"start":{"line":86,"column":26},"end":{"line":86,"column":27}},"loc":{"start":{"line":86,"column":36},"end":{"line":86,"column":61}},"line":86},"9":{"name":"(anonymous_9)","decl":{"start":{"line":87,"column":24},"end":{"line":87,"column":25}},"loc":{"start":{"line":87,"column":45},"end":{"line":97,"column":13}},"line":87}},"branchMap":{"0":{"loc":{"start":{"line":26,"column":10},"end":{"line":26,"column":22}},"type":"binary-expr","locations":[{"start":{"line":26,"column":10},"end":{"line":26,"column":16}},{"start":{"line":26,"column":20},"end":{"line":26,"column":22}}],"line":26},"1":{"loc":{"start":{"line":39,"column":4},"end":{"line":48,"column":5}},"type":"if","locations":[{"start":{"line":39,"column":4},"end":{"line":48,"column":5}},{"start":{},"end":{}}],"line":39},"2":{"loc":{"start":{"line":53,"column":4},"end":{"line":56,"column":5}},"type":"if","locations":[{"start":{"line":53,"column":4},"end":{"line":56,"column":5}},{"start":{},"end":{}}],"line":53},"3":{"loc":{"start":{"line":53,"column":8},"end":{"line":53,"column":25}},"type":"binary-expr","locations":[{"start":{"line":53,"column":8},"end":{"line":53,"column":12}},{"start":{"line":53,"column":16},"end":{"line":53,"column":25}}],"line":53},"4":{"loc":{"start":{"line":61,"column":4},"end":{"line":64,"column":5}},"type":"if","locations":[{"start":{"line":61,"column":4},"end":{"line":64,"column":5}},{"start":{},"end":{}}],"line":61},"5":{"loc":{"start":{"line":67,"column":39},"end":{"line":67,"column":51}},"type":"binary-expr","locations":[{"start":{"line":67,"column":39},"end":{"line":67,"column":45}},{"start":{"line":67,"column":49},"end":{"line":67,"column":51}}],"line":67},"6":{"loc":{"start":{"line":85,"column":23},"end":{"line":85,"column":42}},"type":"cond-expr","locations":[{"start":{"line":85,"column":37},"end":{"line":85,"column":38}},{"start":{"line":85,"column":41},"end":{"line":85,"column":42}}],"line":85},"7":{"loc":{"start":{"line":88,"column":14},"end":{"line":96,"column":15}},"type":"if","locations":[{"start":{"line":88,"column":14},"end":{"line":96,"column":15}},{"start":{},"end":{}}],"line":88},"8":{"loc":{"start":{"line":89,"column":16},"end":{"line":95,"column":17}},"type":"if","locations":[{"start":{"line":89,"column":16},"end":{"line":95,"column":17}},{"start":{},"end":{}}],"line":89},"9":{"loc":{"start":{"line":89,"column":20},"end":{"line":89,"column":51}},"type":"binary-expr","locations":[{"start":{"line":89,"column":20},"end":{"line":89,"column":38}},{"start":{"line":89,"column":42},"end":{"line":89,"column":51}}],"line":89},"10":{"loc":{"start":{"line":107,"column":7},"end":{"line":107,"column":63}},"type":"cond-expr","locations":[{"start":{"line":107,"column":15},"end":{"line":107,"column":56}},{"start":{"line":107,"column":59},"end":{"line":107,"column":63}}],"line":107}},"s":{"0":138,"1":138,"2":138,"3":138,"4":138,"5":138,"6":138,"7":138,"8":138,"9":31,"10":31,"11":31,"12":0,"13":31,"14":138,"15":57,"16":57,"17":1,"18":1,"19":6,"20":1,"21":1,"22":1,"23":56,"24":56,"25":56,"26":48,"27":48,"28":138,"29":9,"30":9,"31":1,"32":1,"33":8,"34":8,"35":7,"36":7,"37":1,"38":138,"39":828,"40":1656,"41":57,"42":2,"43":2,"44":2,"45":2,"46":2,"47":2,"48":2,"49":5},"f":{"0":138,"1":31,"2":31,"3":57,"4":6,"5":9,"6":828,"7":1656,"8":57,"9":2},"b":{"0":[31,3],"1":[1,56],"2":[48,8],"3":[56,56],"4":[1,8],"5":[8,0],"6":[138,690],"7":[2,0],"8":[2,0],"9":[2,2],"10":[2,136]},"_coverageSchema":"1a1c01bbd47fc00a2c39e90264f33305004495a9","hash":"07c20771cb61cb6857c68c05bd41651a99134f85"}
,"/home/subasing/pocs/micro-kiosk/frontend/components/Header.tsx": {"path":"/home/subasing/pocs/micro-kiosk/frontend/components/Header.tsx","statementMap":{"0":{"start":{"line":10,"column":22},"end":{"line":116,"column":1}},"1":{"start":{"line":11,"column":17},"end":{"line":11,"column":28}},"2":{"start":{"line":12,"column":38},"end":{"line":12,"column":47}},"3":{"start":{"line":14,"column":30},"end":{"line":14,"column":41}},"4":{"start":{"line":15,"column":16},"end":{"line":15,"column":32}},"5":{"start":{"line":17,"column":25},"end":{"line":17,"column":68}},"6":{"start":{"line":18,"column":42},"end":{"line":18,"column":57}},"7":{"start":{"line":20,"column":20},"end":{"line":23,"column":3}},"8":{"start":{"line":25,"column":25},"end":{"line":28,"column":3}},"9":{"start":{"line":26,"column":4},"end":{"line":26,"column":33}},"10":{"start":{"line":27,"column":4},"end":{"line":27,"column":27}},"11":{"start":{"line":30,"column":23},"end":{"line":33,"column":3}},"12":{"start":{"line":31,"column":4},"end":{"line":31,"column":13}},"13":{"start":{"line":32,"column":4},"end":{"line":32,"column":29}},"14":{"start":{"line":35,"column":21},"end":{"line":37,"column":3}},"15":{"start":{"line":36,"column":4},"end":{"line":36,"column":18}},"16":{"start":{"line":39,"column":2},"end":{"line":115,"column":4}},"17":{"start":{"line":63,"column":25},"end":{"line":63,"column":46}},"18":{"start":{"line":83,"column":25},"end":{"line":83,"column":47}},"19":{"start":{"line":102,"column":14},"end":{"line":109,"column":33}},"20":{"start":{"line":104,"column":31},"end":{"line":104,"column":56}}},"fnMap":{"0":{"name":"(anonymous_0)","decl":{"start":{"line":10,"column":22},"end":{"line":10,"column":23}},"loc":{"start":{"line":10,"column":28},"end":{"line":116,"column":1}},"line":10},"1":{"name":"(anonymous_1)","decl":{"start":{"line":25,"column":25},"end":{"line":25,"column":26}},"loc":{"start":{"line":25,"column":43},"end":{"line":28,"column":3}},"line":25},"2":{"name":"(anonymous_2)","decl":{"start":{"line":30,"column":23},"end":{"line":30,"column":24}},"loc":{"start":{"line":30,"column":29},"end":{"line":33,"column":3}},"line":30},"3":{"name":"(anonymous_3)","decl":{"start":{"line":35,"column":21},"end":{"line":35,"column":22}},"loc":{"start":{"line":35,"column":27},"end":{"line":37,"column":3}},"line":35},"4":{"name":"(anonymous_4)","decl":{"start":{"line":63,"column":19},"end":{"line":63,"column":20}},"loc":{"start":{"line":63,"column":25},"end":{"line":63,"column":46}},"line":63},"5":{"name":"(anonymous_5)","decl":{"start":{"line":83,"column":19},"end":{"line":83,"column":20}},"loc":{"start":{"line":83,"column":25},"end":{"line":83,"column":47}},"line":83},"6":{"name":"(anonymous_6)","decl":{"start":{"line":101,"column":27},"end":{"line":101,"column":28}},"loc":{"start":{"line":102,"column":14},"end":{"line":109,"column":33}},"line":102},"7":{"name":"(anonymous_7)","decl":{"start":{"line":104,"column":25},"end":{"line":104,"column":26}},"loc":{"start":{"line":104,"column":31},"end":{"line":104,"column":56}},"line":104}},"branchMap":{"0":{"loc":{"start":{"line":17,"column":25},"end":{"line":17,"column":68}},"type":"binary-expr","locations":[{"start":{"line":17,"column":25},"end":{"line":17,"column":33}},{"start":{"line":17,"column":38},"end":{"line":17,"column":58}},{"start":{"line":17,"column":62},"end":{"line":17,"column":67}}],"line":17},"1":{"loc":{"start":{"line":49,"column":7},"end":{"line":55,"column":7}},"type":"cond-expr","locations":[{"start":{"line":50,"column":8},"end":{"line":52,"column":20}},{"start":{"line":54,"column":8},"end":{"line":54,"column":38}}],"line":49},"2":{"loc":{"start":{"line":73,"column":9},"end":{"line":77,"column":9}},"type":"binary-expr","locations":[{"start":{"line":73,"column":9},"end":{"line":73,"column":24}},{"start":{"line":74,"column":10},"end":{"line":76,"column":22}}],"line":73}},"s":{"0":7,"1":231,"2":231,"3":231,"4":231,"5":231,"6":231,"7":231,"8":231,"9":0,"10":0,"11":231,"12":2,"13":2,"14":231,"15":1,"16":231,"17":0,"18":0,"19":462,"20":0},"f":{"0":231,"1":0,"2":2,"3":1,"4":0,"5":0,"6":462,"7":0},"b":{"0":[231,50,0],"1":[1,230],"2":[231,76]},"_coverageSchema":"1a1c01bbd47fc00a2c39e90264f33305004495a9","hash":"8f76d8d3f81cc826ca8b037b696245f273c1fa67"}
,"/home/subasing/pocs/micro-kiosk/frontend/context/AuthContext.tsx": {"path":"/home/subasing/pocs/micro-kiosk/frontend/context/AuthContext.tsx","statementMap":{"0":{"start":{"line":27,"column":20},"end":{"line":27,"column":73}},"1":{"start":{"line":29,"column":28},"end":{"line":92,"column":1}},"2":{"start":{"line":30,"column":48},"end":{"line":30,"column":63}},"3":{"start":{"line":31,"column":28},"end":{"line":31,"column":57}},"4":{"start":{"line":32,"column":38},"end":{"line":32,"column":62}},"5":{"start":{"line":33,"column":30},"end":{"line":33,"column":59}},"6":{"start":{"line":34,"column":32},"end":{"line":34,"column":46}},"7":{"start":{"line":36,"column":2},"end":{"line":54,"column":9}},"8":{"start":{"line":37,"column":27},"end":{"line":51,"column":5}},"9":{"start":{"line":38,"column":26},"end":{"line":38,"column":42}},"10":{"start":{"line":39,"column":6},"end":{"line":48,"column":7}},"11":{"start":{"line":40,"column":8},"end":{"line":45,"column":9}},"12":{"start":{"line":41,"column":27},"end":{"line":41,"column":57}},"13":{"start":{"line":42,"column":10},"end":{"line":42,"column":74}},"14":{"start":{"line":44,"column":10},"end":{"line":44,"column":25}},"15":{"start":{"line":47,"column":8},"end":{"line":47,"column":23}},"16":{"start":{"line":50,"column":6},"end":{"line":50,"column":24}},"17":{"start":{"line":53,"column":4},"end":{"line":53,"column":21}},"18":{"start":{"line":56,"column":16},"end":{"line":66,"column":3}},"19":{"start":{"line":61,"column":4},"end":{"line":61,"column":27}},"20":{"start":{"line":62,"column":4},"end":{"line":62,"column":29}},"21":{"start":{"line":63,"column":4},"end":{"line":63,"column":20}},"22":{"start":{"line":64,"column":4},"end":{"line":64,"column":28}},"23":{"start":{"line":65,"column":4},"end":{"line":65,"column":22}},"24":{"start":{"line":68,"column":17},"end":{"line":74,"column":3}},"25":{"start":{"line":69,"column":4},"end":{"line":69,"column":24}},"26":{"start":{"line":70,"column":4},"end":{"line":70,"column":30}},"27":{"start":{"line":71,"column":4},"end":{"line":71,"column":19}},"28":{"start":{"line":72,"column":4},"end":{"line":72,"column":25}},"29":{"start":{"line":73,"column":4},"end":{"line":73,"column":20}},"30":{"start":{"line":76,"column":21},"end":{"line":87,"column":3}},"31":{"start":{"line":77,"column":11},"end":{"line":85,"column":5}},"32":{"start":{"line":89,"column":2},"end":{"line":91,"column":4}},"33":{"start":{"line":94,"column":23},"end":{"line":98,"column":1}},"34":{"start":{"line":95,"column":18},"end":{"line":95,"column":41}},"35":{"start":{"line":96,"column":2},"end":{"line":96,"column":76}},"36":{"start":{"line":96,"column":16},"end":{"line":96,"column":76}},"37":{"start":{"line":97,"column":2},"end":{"line":97,"column":17}}},"fnMap":{"0":{"name":"(anonymous_0)","decl":{"start":{"line":29,"column":28},"end":{"line":29,"column":29}},"loc":{"start":{"line":29,"column":77},"end":{"line":92,"column":1}},"line":29},"1":{"name":"(anonymous_1)","decl":{"start":{"line":36,"column":12},"end":{"line":36,"column":13}},"loc":{"start":{"line":36,"column":18},"end":{"line":54,"column":3}},"line":36},"2":{"name":"(anonymous_2)","decl":{"start":{"line":37,"column":27},"end":{"line":37,"column":28}},"loc":{"start":{"line":37,"column":39},"end":{"line":51,"column":5}},"line":37},"3":{"name":"(anonymous_3)","decl":{"start":{"line":56,"column":16},"end":{"line":56,"column":17}},"loc":{"start":{"line":60,"column":7},"end":{"line":66,"column":3}},"line":60},"4":{"name":"(anonymous_4)","decl":{"start":{"line":68,"column":17},"end":{"line":68,"column":18}},"loc":{"start":{"line":68,"column":29},"end":{"line":74,"column":3}},"line":68},"5":{"name":"(anonymous_5)","decl":{"start":{"line":77,"column":4},"end":{"line":77,"column":5}},"loc":{"start":{"line":77,"column":11},"end":{"line":85,"column":5}},"line":77},"6":{"name":"(anonymous_6)","decl":{"start":{"line":94,"column":23},"end":{"line":94,"column":24}},"loc":{"start":{"line":94,"column":29},"end":{"line":98,"column":1}},"line":94}},"branchMap":{"0":{"loc":{"start":{"line":39,"column":6},"end":{"line":48,"column":7}},"type":"if","locations":[{"start":{"line":39,"column":6},"end":{"line":48,"column":7}},{"start":{"line":46,"column":13},"end":{"line":48,"column":7}}],"line":39},"1":{"loc":{"start":{"line":96,"column":2},"end":{"line":96,"column":76}},"type":"if","locations":[{"start":{"line":96,"column":2},"end":{"line":96,"column":76}},{"start":{},"end":{}}],"line":96}},"s":{"0":7,"1":7,"2":149,"3":149,"4":149,"5":149,"6":149,"7":149,"8":60,"9":60,"10":60,"11":17,"12":17,"13":16,"14":1,"15":43,"16":60,"17":60,"18":149,"19":43,"20":43,"21":43,"22":43,"23":43,"24":149,"25":46,"26":46,"27":46,"28":46,"29":46,"30":149,"31":149,"32":149,"33":7,"34":894,"35":893,"36":0,"37":893},"f":{"0":149,"1":60,"2":60,"3":43,"4":46,"5":149,"6":894},"b":{"0":[17,43],"1":[0,893]},"_coverageSchema":"1a1c01bbd47fc00a2c39e90264f33305004495a9","hash":"bfe9386b8573755be91e1eea80fb3a9b2a1c8269"}
,"/home/subasing/pocs/micro-kiosk/frontend/context/HeaderContext.tsx": {"path":"/home/subasing/pocs/micro-kiosk/frontend/context/HeaderContext.tsx","statementMap":{"0":{"start":{"line":10,"column":22},"end":{"line":10,"column":77}},"1":{"start":{"line":13,"column":28},"end":{"line":13,"column":40}},"2":{"start":{"line":14,"column":34},"end":{"line":14,"column":49}},"3":{"start":{"line":16,"column":23},"end":{"line":24,"column":3}},"4":{"start":{"line":17,"column":11},"end":{"line":22,"column":5}},"5":{"start":{"line":26,"column":2},"end":{"line":30,"column":4}},"6":{"start":{"line":33,"column":25},"end":{"line":37,"column":1}},"7":{"start":{"line":34,"column":18},"end":{"line":34,"column":43}},"8":{"start":{"line":35,"column":2},"end":{"line":35,"column":80}},"9":{"start":{"line":35,"column":16},"end":{"line":35,"column":80}},"10":{"start":{"line":36,"column":2},"end":{"line":36,"column":17}}},"fnMap":{"0":{"name":"HeaderProvider","decl":{"start":{"line":12,"column":16},"end":{"line":12,"column":30}},"loc":{"start":{"line":12,"column":76},"end":{"line":31,"column":1}},"line":12},"1":{"name":"(anonymous_1)","decl":{"start":{"line":17,"column":4},"end":{"line":17,"column":5}},"loc":{"start":{"line":17,"column":11},"end":{"line":22,"column":5}},"line":17},"2":{"name":"(anonymous_2)","decl":{"start":{"line":33,"column":25},"end":{"line":33,"column":26}},"loc":{"start":{"line":33,"column":31},"end":{"line":37,"column":1}},"line":33}},"branchMap":{"0":{"loc":{"start":{"line":35,"column":2},"end":{"line":35,"column":80}},"type":"if","locations":[{"start":{"line":35,"column":2},"end":{"line":35,"column":80}},{"start":{},"end":{}}],"line":35}},"s":{"0":7,"1":142,"2":142,"3":142,"4":142,"5":142,"6":7,"7":682,"8":681,"9":0,"10":681},"f":{"0":142,"1":142,"2":682},"b":{"0":[0,681]},"_coverageSchema":"1a1c01bbd47fc00a2c39e90264f33305004495a9","hash":"9f3ea7413d87abd3180c9a21497ca2ca22b010f6"}
,"/home/subasing/pocs/micro-kiosk/frontend/utils/token.ts": {"path":"/home/subasing/pocs/micro-kiosk/frontend/utils/token.ts","statementMap":{"0":{"start":{"line":4,"column":14},"end":{"line":4,"column":35}},"1":{"start":{"line":6,"column":25},"end":{"line":12,"column":1}},"2":{"start":{"line":7,"column":2},"end":{"line":11,"column":3}},"3":{"start":{"line":8,"column":4},"end":{"line":8,"column":98}},"4":{"start":{"line":10,"column":4},"end":{"line":10,"column":48}},"5":{"start":{"line":15,"column":24},"end":{"line":23,"column":1}},"6":{"start":{"line":16,"column":2},"end":{"line":22,"column":3}},"7":{"start":{"line":17,"column":18},"end":{"line":17,"column":97}},"8":{"start":{"line":18,"column":4},"end":{"line":18,"column":17}},"9":{"start":{"line":20,"column":4},"end":{"line":20,"column":52}},"10":{"start":{"line":21,"column":4},"end":{"line":21,"column":16}},"11":{"start":{"line":26,"column":27},"end":{"line":32,"column":1}},"12":{"start":{"line":27,"column":2},"end":{"line":31,"column":3}},"13":{"start":{"line":28,"column":4},"end":{"line":28,"column":89}},"14":{"start":{"line":30,"column":4},"end":{"line":30,"column":50}}},"fnMap":{"0":{"name":"(anonymous_0)","decl":{"start":{"line":6,"column":25},"end":{"line":6,"column":26}},"loc":{"start":{"line":6,"column":50},"end":{"line":12,"column":1}},"line":6},"1":{"name":"(anonymous_1)","decl":{"start":{"line":15,"column":24},"end":{"line":15,"column":25}},"loc":{"start":{"line":15,"column":36},"end":{"line":23,"column":1}},"line":15},"2":{"name":"(anonymous_2)","decl":{"start":{"line":26,"column":27},"end":{"line":26,"column":28}},"loc":{"start":{"line":26,"column":39},"end":{"line":32,"column":1}},"line":26}},"branchMap":{"0":{"loc":{"start":{"line":8,"column":4},"end":{"line":8,"column":97}},"type":"cond-expr","locations":[{"start":{"line":8,"column":12},"end":{"line":8,"column":48}},{"start":{"line":8,"column":51},"end":{"line":8,"column":97}}],"line":8},"1":{"loc":{"start":{"line":17,"column":18},"end":{"line":17,"column":97}},"type":"cond-expr","locations":[{"start":{"line":17,"column":26},"end":{"line":17,"column":55}},{"start":{"line":17,"column":58},"end":{"line":17,"column":97}}],"line":17},"2":{"loc":{"start":{"line":28,"column":4},"end":{"line":28,"column":88}},"type":"cond-expr","locations":[{"start":{"line":28,"column":12},"end":{"line":28,"column":44}},{"start":{"line":28,"column":46},"end":{"line":28,"column":88}}],"line":28}},"s":{"0":0,"1":0,"2":0,"3":0,"4":0,"5":0,"6":0,"7":0,"8":0,"9":0,"10":0,"11":0,"12":0,"13":0,"14":0},"f":{"0":0,"1":0,"2":0},"b":{"0":[0,0],"1":[0,0],"2":[0,0]}}
}
