TN:
SF:i18next.ts
FNF:0
FNH:0
DA:6,7
DA:15,7
LF:2
LH:2
BRF:0
BRH:0
end_of_record
TN:
SF:actions/useHeaderConfig.tsx
FN:11,useHeaderConfig
FN:15,(anonymous_1)
FNF:2
FNH:2
FNDA:451,useHeaderConfig
FNDA:94,(anonymous_1)
DA:12,451
DA:14,450
DA:16,94
DA:17,94
LF:4
LH:4
BRDA:11,0,0,0
BRF:1
BRH:0
end_of_record
TN:
SF:actions/useNavigationReadyStable.tsx
FN:8,(anonymous_0)
FN:12,(anonymous_1)
FNF:2
FNH:0
FNDA:0,(anonymous_0)
FNDA:0,(anonymous_1)
DA:8,0
DA:9,0
DA:10,0
DA:12,0
DA:13,0
DA:14,0
DA:18,0
LF:7
LH:0
BRDA:13,0,0,0
BRDA:13,0,1,0
BRDA:13,1,0,0
BRDA:13,1,1,0
BRF:4
BRH:0
end_of_record
TN:
SF:api/authService.ts
FN:11,(anonymous_0)
FN:21,(anonymous_1)
FN:31,(anonymous_2)
FN:44,(anonymous_3)
FN:68,(anonymous_4)
FNF:5
FNH:0
FNDA:0,(anonymous_0)
FNDA:0,(anonymous_1)
FNDA:0,(anonymous_2)
FNDA:0,(anonymous_3)
FNDA:0,(anonymous_4)
DA:7,0
DA:11,0
DA:12,0
DA:13,0
DA:14,0
DA:16,0
DA:17,0
DA:21,0
DA:22,0
DA:23,0
DA:24,0
DA:26,0
DA:27,0
DA:31,0
DA:35,0
DA:36,0
DA:37,0
DA:39,0
DA:40,0
DA:44,0
DA:49,0
DA:50,0
DA:51,0
DA:53,0
DA:61,0
DA:63,0
DA:64,0
DA:68,0
DA:69,0
DA:70,0
DA:75,0
DA:77,0
DA:78,0
LF:33
LH:0
BRDA:50,0,0,0
BRDA:50,0,1,0
BRF:2
BRH:0
end_of_record
TN:
SF:app/_layout.tsx
FN:6,RootLayout
FN:15,Layout
FNF:2
FNH:2
FNDA:61,RootLayout
FNDA:61,Layout
DA:7,61
DA:16,61
LF:2
LH:2
BRF:0
BRH:0
end_of_record
TN:
SF:app/index.tsx
FN:3,Index
FNF:1
FNH:1
FNDA:1,Index
DA:4,1
LF:1
LH:1
BRF:0
BRH:0
end_of_record
TN:
SF:app/(auth)/_layout.tsx
FN:6,AuthLayout
FN:10,(anonymous_1)
FNF:2
FNH:2
FNDA:186,AuthLayout
FNDA:119,(anonymous_1)
DA:7,186
DA:9,186
DA:12,119
DA:14,66
DA:15,20
DA:17,3
DA:20,17
DA:26,186
DA:27,106
DA:34,80
LF:10
LH:10
BRDA:12,0,0,53
BRDA:12,0,1,66
BRDA:14,1,0,20
BRDA:14,1,1,46
BRDA:15,2,0,3
BRDA:15,2,1,17
BRDA:26,3,0,106
BRDA:26,3,1,80
BRF:8
BRH:8
end_of_record
TN:
SF:app/(auth)/login.tsx
FN:17,LoginScreen
FN:27,(anonymous_1)
FN:66,(anonymous_2)
FN:86,(anonymous_3)
FNF:4
FNH:4
FNDA:83,LoginScreen
FNDA:5,(anonymous_1)
FNDA:1,(anonymous_2)
FNDA:1,(anonymous_3)
DA:18,83
DA:19,83
DA:20,83
DA:21,83
DA:22,83
DA:23,83
DA:25,83
DA:27,83
DA:28,5
DA:29,5
DA:31,4
DA:34,4
DA:35,4
DA:37,4
DA:39,1
DA:40,1
DA:44,83
DA:66,1
DA:86,1
DA:92,6
LF:20
LH:20
BRDA:70,0,0,1
BRDA:70,0,1,82
BRDA:76,1,0,1
BRDA:76,1,1,82
BRF:4
BRH:4
end_of_record
TN:
SF:app/(auth)/register.tsx
FN:10,(anonymous_0)
FN:16,(anonymous_1)
FN:21,RegisterScreen
FN:30,(anonymous_3)
FN:67,(anonymous_4)
FN:91,(anonymous_5)
FNF:6
FNH:6
FNDA:31,(anonymous_0)
FNDA:24,(anonymous_1)
FNDA:181,RegisterScreen
FNDA:31,(anonymous_3)
FNDA:31,(anonymous_4)
FNDA:1,(anonymous_5)
DA:10,5
DA:11,31
DA:12,31
DA:16,5
DA:17,24
DA:18,24
DA:22,181
DA:23,181
DA:24,181
DA:25,181
DA:26,181
DA:28,181
DA:30,181
DA:31,31
DA:32,7
DA:33,7
DA:36,24
DA:37,7
DA:38,7
DA:41,17
DA:42,17
DA:43,17
DA:45,16
DA:46,16
DA:47,16
DA:48,16
DA:50,1
DA:51,1
DA:55,181
DA:68,31
DA:69,31
DA:91,1
DA:96,5
LF:33
LH:33
BRDA:31,0,0,7
BRDA:31,0,1,24
BRDA:36,1,0,7
BRDA:36,1,1,17
BRDA:42,2,0,10
BRDA:42,2,1,7
BRDA:87,3,0,15
BRDA:87,3,1,166
BRF:8
BRH:8
end_of_record
TN:
SF:app/(protected)/_layout.tsx
FN:6,ProtectedLayout
FN:10,(anonymous_1)
FNF:2
FNH:2
FNDA:75,ProtectedLayout
FNDA:74,(anonymous_1)
DA:7,75
DA:8,74
DA:10,74
DA:11,74
DA:14,67
DA:15,11
DA:16,11
DA:20,56
DA:21,9
DA:22,9
DA:26,47
DA:27,8
DA:28,8
DA:32,74
DA:33,7
DA:40,67
LF:16
LH:16
BRDA:11,0,0,7
BRDA:11,0,1,67
BRDA:14,1,0,11
BRDA:14,1,1,56
BRDA:14,2,0,67
BRDA:14,2,1,11
BRDA:20,3,0,9
BRDA:20,3,1,47
BRDA:20,4,0,56
BRDA:20,4,1,56
BRDA:20,4,2,35
BRDA:26,5,0,8
BRDA:26,5,1,39
BRDA:26,6,0,47
BRDA:26,6,1,47
BRDA:26,6,2,21
BRDA:32,7,0,7
BRDA:32,7,1,67
BRF:18
BRH:18
end_of_record
TN:
SF:app/(protected)/home.tsx
FN:5,HomeScreen
FNF:1
FNH:1
FNDA:49,HomeScreen
DA:6,49
DA:7,49
DA:9,48
DA:16,6
LF:4
LH:4
BRF:0
BRH:0
end_of_record
TN:
SF:app/(protected)/verify.tsx
FN:11,VerifyScreen
FN:22,(anonymous_1)
FN:23,(anonymous_2)
FN:36,(anonymous_3)
FN:42,(anonymous_4)
FN:59,(anonymous_5)
FN:79,(anonymous_6)
FN:82,(anonymous_7)
FN:86,(anonymous_8)
FN:87,(anonymous_9)
FNF:10
FNH:10
FNDA:138,VerifyScreen
FNDA:31,(anonymous_1)
FNDA:31,(anonymous_2)
FNDA:57,(anonymous_3)
FNDA:6,(anonymous_4)
FNDA:9,(anonymous_5)
FNDA:828,(anonymous_6)
FNDA:1656,(anonymous_7)
FNDA:57,(anonymous_8)
FNDA:2,(anonymous_9)
DA:12,138
DA:13,138
DA:14,138
DA:15,138
DA:16,138
DA:17,138
DA:18,138
DA:20,138
DA:22,138
DA:23,31
DA:24,31
DA:25,31
DA:30,0
DA:33,31
DA:36,138
DA:37,57
DA:39,57
DA:41,1
DA:42,1
DA:43,6
DA:45,1
DA:46,1
DA:47,1
DA:50,56
DA:51,56
DA:53,56
DA:54,48
DA:55,48
DA:59,138
DA:60,9
DA:61,9
DA:62,1
DA:63,1
DA:66,8
DA:67,8
DA:68,7
DA:69,7
DA:71,1
DA:75,138
DA:80,828
DA:82,1656
DA:86,57
DA:88,2
DA:89,2
DA:90,2
DA:91,2
DA:92,2
DA:93,2
DA:94,2
DA:117,5
LF:50
LH:49
BRDA:26,0,0,31
BRDA:26,0,1,3
BRDA:39,1,0,1
BRDA:39,1,1,56
BRDA:53,2,0,48
BRDA:53,2,1,8
BRDA:53,3,0,56
BRDA:53,3,1,56
BRDA:61,4,0,1
BRDA:61,4,1,8
BRDA:67,5,0,8
BRDA:67,5,1,0
BRDA:85,6,0,138
BRDA:85,6,1,690
BRDA:88,7,0,2
BRDA:88,7,1,0
BRDA:89,8,0,2
BRDA:89,8,1,0
BRDA:89,9,0,2
BRDA:89,9,1,2
BRDA:107,10,0,2
BRDA:107,10,1,136
BRF:22
BRH:19
end_of_record
TN:
SF:components/Header.tsx
FN:10,(anonymous_0)
FN:25,(anonymous_1)
FN:30,(anonymous_2)
FN:35,(anonymous_3)
FN:63,(anonymous_4)
FN:83,(anonymous_5)
FN:101,(anonymous_6)
FN:104,(anonymous_7)
FNF:8
FNH:4
FNDA:231,(anonymous_0)
FNDA:0,(anonymous_1)
FNDA:2,(anonymous_2)
FNDA:1,(anonymous_3)
FNDA:0,(anonymous_4)
FNDA:0,(anonymous_5)
FNDA:462,(anonymous_6)
FNDA:0,(anonymous_7)
DA:10,7
DA:11,231
DA:12,231
DA:14,231
DA:15,231
DA:17,231
DA:18,231
DA:20,231
DA:25,231
DA:26,0
DA:27,0
DA:30,231
DA:31,2
DA:32,2
DA:35,231
DA:36,1
DA:39,231
DA:63,0
DA:83,0
DA:102,462
DA:104,0
LF:21
LH:16
BRDA:17,0,0,231
BRDA:17,0,1,50
BRDA:17,0,2,0
BRDA:49,1,0,1
BRDA:49,1,1,230
BRDA:73,2,0,231
BRDA:73,2,1,76
BRF:7
BRH:6
end_of_record
TN:
SF:context/AuthContext.tsx
FN:29,(anonymous_0)
FN:36,(anonymous_1)
FN:37,(anonymous_2)
FN:56,(anonymous_3)
FN:68,(anonymous_4)
FN:77,(anonymous_5)
FN:94,(anonymous_6)
FNF:7
FNH:7
FNDA:149,(anonymous_0)
FNDA:60,(anonymous_1)
FNDA:60,(anonymous_2)
FNDA:43,(anonymous_3)
FNDA:46,(anonymous_4)
FNDA:149,(anonymous_5)
FNDA:894,(anonymous_6)
DA:27,7
DA:29,7
DA:30,149
DA:31,149
DA:32,149
DA:33,149
DA:34,149
DA:36,149
DA:37,60
DA:38,60
DA:39,60
DA:40,17
DA:41,17
DA:42,16
DA:44,1
DA:47,43
DA:50,60
DA:53,60
DA:56,149
DA:61,43
DA:62,43
DA:63,43
DA:64,43
DA:65,43
DA:68,149
DA:69,46
DA:70,46
DA:71,46
DA:72,46
DA:73,46
DA:76,149
DA:77,149
DA:89,149
DA:94,7
DA:95,894
DA:96,893
DA:97,893
LF:37
LH:37
BRDA:39,0,0,17
BRDA:39,0,1,43
BRDA:96,1,0,0
BRDA:96,1,1,893
BRF:4
BRH:3
end_of_record
TN:
SF:context/HeaderContext.tsx
FN:12,HeaderProvider
FN:17,(anonymous_1)
FN:33,(anonymous_2)
FNF:3
FNH:3
FNDA:142,HeaderProvider
FNDA:142,(anonymous_1)
FNDA:682,(anonymous_2)
DA:10,7
DA:13,142
DA:14,142
DA:16,142
DA:17,142
DA:26,142
DA:33,7
DA:34,682
DA:35,681
DA:36,681
LF:10
LH:10
BRDA:35,0,0,0
BRDA:35,0,1,681
BRF:2
BRH:1
end_of_record
TN:
SF:utils/token.ts
FN:6,(anonymous_0)
FN:15,(anonymous_1)
FN:26,(anonymous_2)
FNF:3
FNH:0
FNDA:0,(anonymous_0)
FNDA:0,(anonymous_1)
FNDA:0,(anonymous_2)
DA:4,0
DA:6,0
DA:7,0
DA:8,0
DA:10,0
DA:15,0
DA:16,0
DA:17,0
DA:18,0
DA:20,0
DA:21,0
DA:26,0
DA:27,0
DA:28,0
DA:30,0
LF:15
LH:0
BRDA:8,0,0,0
BRDA:8,0,1,0
BRDA:17,1,0,0
BRDA:17,1,1,0
BRDA:28,2,0,0
BRDA:28,2,1,0
BRF:6
BRH:0
end_of_record
